<?xml version="1.0" encoding="UTF-8"?>
<robot generator="Robot 6.1.1 (Python 3.11.3 on win32)" generated="20231008 11:17:21.808" rpa="false" schemaversion="4">
<suite id="s1" name="EditerNomDuFiltreNominal" source="g:\Bois_de_Boulogne\Season4\Project Synthese\Alfresco\AlfrescoRFDatapool\Automation_Test_DataPool_RF\RFCasTests\Scripts\EditerNomDuFiltreNominal.robot">
<kw name="Open browser login and preconditions pour editer un nom du filtre nominal" library="keywords" type="SETUP">
<kw name="Login" library="keywords">
<arg>${vURL}</arg>
<arg>${vBrowser}</arg>
<arg>${vUsername}</arg>
<arg>${vPassword}</arg>
<kw name="Set Selenium Timeout" library="SeleniumLibrary">
<arg>${TIMEOUT}</arg>
<doc>Sets the timeout that is used by various keywords.</doc>
<status status="PASS" starttime="20231008 11:17:22.174" endtime="20231008 11:17:22.174"/>
</kw>
<kw name="Open Browser" library="SeleniumLibrary">
<arg>${vURL}</arg>
<arg>${vBrowser}</arg>
<arg>options=add_argument('--lang=fr')</arg>
<doc>Opens a new browser instance to the optional ``url``.</doc>
<msg timestamp="20231008 11:17:22.174" level="INFO">Opening browser 'chrome' to base url 'http://localhost:8088/share/page'.</msg>
<status status="PASS" starttime="20231008 11:17:22.174" endtime="20231008 11:17:25.480"/>
</kw>
<kw name="Maximize Browser Window" library="SeleniumLibrary">
<doc>Maximizes current browser window.</doc>
<status status="PASS" starttime="20231008 11:17:25.480" endtime="20231008 11:17:25.611"/>
</kw>
<kw name="Input Text" library="SeleniumLibrary">
<arg>${txt_UserName}</arg>
<arg>${vUsername}</arg>
<doc>Types the given ``text`` into the text field identified by ``locator``.</doc>
<msg timestamp="20231008 11:17:25.614" level="INFO">Typing text 'admin' into text field 'name=username'.</msg>
<status status="PASS" starttime="20231008 11:17:25.612" endtime="20231008 11:17:25.743"/>
</kw>
<kw name="Input Text" library="SeleniumLibrary">
<arg>${txt_Password}</arg>
<arg>${vPassword}</arg>
<doc>Types the given ``text`` into the text field identified by ``locator``.</doc>
<msg timestamp="20231008 11:17:25.744" level="INFO">Typing text '12345678' into text field 'name=password'.</msg>
<status status="PASS" starttime="20231008 11:17:25.743" endtime="20231008 11:17:25.808"/>
</kw>
<kw name="Click Button" library="SeleniumLibrary">
<arg>${btn_Login}</arg>
<doc>Clicks the button identified by ``locator``.</doc>
<msg timestamp="20231008 11:17:25.808" level="INFO">Clicking button 'xpath=//button[contains(text(), 'Connexion')]'.</msg>
<status status="PASS" starttime="20231008 11:17:25.808" endtime="20231008 11:17:26.540"/>
</kw>
<kw name="Wait Until Element Is Visible" library="SeleniumLibrary">
<arg>${lblTitle}</arg>
<doc>Waits until the element ``locator`` is visible.</doc>
<status status="PASS" starttime="20231008 11:17:26.540" endtime="20231008 11:17:26.630"/>
</kw>
<kw name="Element Should Contain" library="SeleniumLibrary">
<arg>${lblTitle}</arg>
<arg>Tableau de bord de</arg>
<doc>Verifies that element ``locator`` contains text ``expected``.</doc>
<msg timestamp="20231008 11:17:26.641" level="INFO">Element 'xpath=//h1[@id='HEADER_TITLE']/span' contains text 'Tableau de bord de'.</msg>
<status status="PASS" starttime="20231008 11:17:26.630" endtime="20231008 11:17:26.641"/>
</kw>
<status status="PASS" starttime="20231008 11:17:22.174" endtime="20231008 11:17:26.641"/>
</kw>
<kw name="Sleep" library="BuiltIn">
<arg>3</arg>
<doc>Pauses the test executed for the given time.</doc>
<msg timestamp="20231008 11:17:29.641" level="INFO">Slept 3 seconds</msg>
<status status="PASS" starttime="20231008 11:17:26.641" endtime="20231008 11:17:29.641"/>
</kw>
<kw name="Affichage la page Outil Admin" library="keywords">
<kw name="Wait Until Element Is Visible" library="SeleniumLibrary">
<arg>${link_headerOutilsAdmin}</arg>
<doc>Waits until the element ``locator`` is visible.</doc>
<status status="PASS" starttime="20231008 11:17:29.641" endtime="20231008 11:17:29.662"/>
</kw>
<kw name="Click Element" library="SeleniumLibrary">
<arg>${link_headerOutilsAdmin}</arg>
<doc>Click the element identified by ``locator``.</doc>
<msg timestamp="20231008 11:17:29.666" level="INFO">Clicking element 'xpath=//div[@id='HEADER_ADMIN_CONSOLE']/span/a'.</msg>
<status status="PASS" starttime="20231008 11:17:29.666" endtime="20231008 11:17:32.566"/>
</kw>
<kw name="Wait Until Element Is Visible" library="SeleniumLibrary">
<arg>${link_GestionnaireCategorie}</arg>
<doc>Waits until the element ``locator`` is visible.</doc>
<status status="PASS" starttime="20231008 11:17:32.566" endtime="20231008 11:17:32.598"/>
</kw>
<status status="PASS" starttime="20231008 11:17:29.641" endtime="20231008 11:17:32.598"/>
</kw>
<kw name="Affichage la page de Gestionnaire de recherche" library="keywords">
<kw name="Affichage l'option de menu dans la page Outil Admin" library="keywords">
<arg>Gestionnaire de recherche</arg>
<kw name="Click Element" library="SeleniumLibrary">
<arg>${admin_Page_Element_P1}${option}${admin_Page_Element_P2}</arg>
<doc>Click the element identified by ``locator``.</doc>
<msg timestamp="20231008 11:17:32.601" level="INFO">Clicking element 'xpath://a[contains(text(),'Gestionnaire de recherche')]'.</msg>
<status status="PASS" starttime="20231008 11:17:32.599" endtime="20231008 11:17:33.011"/>
</kw>
<kw name="Sleep" library="BuiltIn">
<arg>3</arg>
<doc>Pauses the test executed for the given time.</doc>
<msg timestamp="20231008 11:17:36.012" level="INFO">Slept 3 seconds</msg>
<status status="PASS" starttime="20231008 11:17:33.011" endtime="20231008 11:17:36.012"/>
</kw>
<status status="PASS" starttime="20231008 11:17:32.599" endtime="20231008 11:17:36.012"/>
</kw>
<kw name="Sleep" library="BuiltIn">
<arg>3</arg>
<doc>Pauses the test executed for the given time.</doc>
<msg timestamp="20231008 11:17:39.012" level="INFO">Slept 3 seconds</msg>
<status status="PASS" starttime="20231008 11:17:36.012" endtime="20231008 11:17:39.012"/>
</kw>
<kw name="Wait Until Element Is Visible" library="SeleniumLibrary">
<arg>${link_Ici}</arg>
<doc>Waits until the element ``locator`` is visible.</doc>
<status status="PASS" starttime="20231008 11:17:39.012" endtime="20231008 11:17:39.038"/>
</kw>
<kw name="Click Element" library="SeleniumLibrary">
<arg>${link_Ici}</arg>
<doc>Click the element identified by ``locator``.</doc>
<msg timestamp="20231008 11:17:39.038" level="INFO">Clicking element 'xpath://a[@href='/share/page/dp/ws/faceted-search-config']'.</msg>
<status status="PASS" starttime="20231008 11:17:39.038" endtime="20231008 11:17:39.128"/>
</kw>
<kw name="Sleep" library="BuiltIn">
<arg>4</arg>
<doc>Pauses the test executed for the given time.</doc>
<msg timestamp="20231008 11:17:43.129" level="INFO">Slept 4 seconds</msg>
<status status="PASS" starttime="20231008 11:17:39.128" endtime="20231008 11:17:43.129"/>
</kw>
<status status="PASS" starttime="20231008 11:17:32.598" endtime="20231008 11:17:43.129"/>
</kw>
<status status="PASS" starttime="20231008 11:17:22.174" endtime="20231008 11:17:43.129"/>
</kw>
<test id="s1-t1" name="Cas1" line="23">
<kw name="Editer le nom un filtre nominal">
<arg>IDTest111</arg>
<arg>Giang_Test_ID111</arg>
<arg>Giang_Test_Editer_111</arg>
<kw name="Switch Window" library="SeleniumLibrary">
<arg>url= http://localhost:8088/share/page/dp/ws/faceted-search-config</arg>
<doc>Switches to browser window matching ``locator``.</doc>
<status status="PASS" starttime="20231008 11:17:43.133" endtime="20231008 11:17:43.263"/>
</kw>
<kw name="Creer Un nouveau filtre avec propriete Site">
<arg>${vID_du_filtre}</arg>
<arg>${vNom_du_filtre}</arg>
<kw name="Switch Window" library="SeleniumLibrary">
<arg>url= http://localhost:8088/share/page/dp/ws/faceted-search-config</arg>
<doc>Switches to browser window matching ``locator``.</doc>
<status status="PASS" starttime="20231008 11:17:43.272" endtime="20231008 11:17:43.326"/>
</kw>
<kw name="Sleep" library="BuiltIn">
<arg>3</arg>
<doc>Pauses the test executed for the given time.</doc>
<msg timestamp="20231008 11:17:46.327" level="INFO">Slept 3 seconds</msg>
<status status="PASS" starttime="20231008 11:17:43.326" endtime="20231008 11:17:46.327"/>
</kw>
<kw name="Wait Until Element Is Visible" library="SeleniumLibrary">
<arg>${btn_CreerNouveauFiltre}</arg>
<doc>Waits until the element ``locator`` is visible.</doc>
<status status="PASS" starttime="20231008 11:17:46.327" endtime="20231008 11:17:46.358"/>
</kw>
<kw name="Click Element" library="SeleniumLibrary">
<arg>${btn_CreerNouveauFiltre}</arg>
<doc>Click the element identified by ``locator``.</doc>
<msg timestamp="20231008 11:17:46.358" level="INFO">Clicking element 'xpath://span[text()='Créer un nouveau filtre']'.</msg>
<status status="PASS" starttime="20231008 11:17:46.358" endtime="20231008 11:17:46.496"/>
</kw>
<kw name="Wait Until Element Is Visible" library="SeleniumLibrary">
<arg>${ ID_du_filtre}</arg>
<doc>Waits until the element ``locator`` is visible.</doc>
<status status="PASS" starttime="20231008 11:17:46.497" endtime="20231008 11:17:46.523"/>
</kw>
<kw name="Input Text" library="SeleniumLibrary">
<arg>${ID_du_filtre}</arg>
<arg>${vID_du_filtre}</arg>
<doc>Types the given ``text`` into the text field identified by ``locator``.</doc>
<msg timestamp="20231008 11:17:46.524" level="INFO">Typing text 'IDTest111' into text field 'xpath://input[@name='filterID']'.</msg>
<status status="PASS" starttime="20231008 11:17:46.523" endtime="20231008 11:17:46.615"/>
</kw>
<kw name="Wait Until Element Is Visible" library="SeleniumLibrary">
<arg>${Nom_du_filtre}</arg>
<doc>Waits until the element ``locator`` is visible.</doc>
<status status="PASS" starttime="20231008 11:17:46.615" endtime="20231008 11:17:46.642"/>
</kw>
<kw name="Input Text" library="SeleniumLibrary">
<arg>${Nom_du_filtre}</arg>
<arg>${vNom_du_filtre}</arg>
<doc>Types the given ``text`` into the text field identified by ``locator``.</doc>
<msg timestamp="20231008 11:17:46.643" level="INFO">Typing text 'Giang_Test_ID111' into text field 'xpath://input[@name='displayName']'.</msg>
<status status="PASS" starttime="20231008 11:17:46.643" endtime="20231008 11:17:46.718"/>
</kw>
<kw name="Get WebElement" library="SeleniumLibrary">
<var>${btnEnregistrer}</var>
<arg>${Le_bouton_enregistrer}</arg>
<doc>Returns the first WebElement matching the given ``locator``.</doc>
<msg timestamp="20231008 11:17:46.724" level="INFO">${btnEnregistrer} = &lt;selenium.webdriver.remote.webelement.WebElement (session="1a52be326a1fa9db7876fba1dc8a812c", element="F19E0EC34350036A96F664CF264032F2_element_55")&gt;</msg>
<status status="PASS" starttime="20231008 11:17:46.718" endtime="20231008 11:17:46.724"/>
</kw>
<kw name="Mouse Down" library="SeleniumLibrary">
<arg>${btnEnregistrer}</arg>
<doc>Simulates pressing the left mouse button on the element ``locator``.</doc>
<msg timestamp="20231008 11:17:46.724" level="INFO">Simulating Mouse Down on element '&lt;selenium.webdriver.remote.webelement.WebElement (session="1a52be326a1fa9db7876fba1dc8a812c", element="F19E0EC34350036A96F664CF264032F2_element_55")&gt;'.</msg>
<status status="PASS" starttime="20231008 11:17:46.724" endtime="20231008 11:17:47.010"/>
</kw>
<kw name="Click Element" library="SeleniumLibrary">
<arg>${btnEnregistrer}</arg>
<doc>Click the element identified by ``locator``.</doc>
<msg timestamp="20231008 11:17:47.010" level="INFO">Clicking element '&lt;selenium.webdriver.remote.webelement.WebElement (session="1a52be326a1fa9db7876fba1dc8a812c", element="F19E0EC34350036A96F664CF264032F2_element_55")&gt;'.</msg>
<status status="PASS" starttime="20231008 11:17:47.010" endtime="20231008 11:17:47.058"/>
</kw>
<kw name="Sleep" library="BuiltIn">
<arg>3</arg>
<doc>Pauses the test executed for the given time.</doc>
<msg timestamp="20231008 11:17:50.072" level="INFO">Slept 3 seconds</msg>
<status status="PASS" starttime="20231008 11:17:47.058" endtime="20231008 11:17:50.072"/>
</kw>
<status status="PASS" starttime="20231008 11:17:43.263" endtime="20231008 11:17:50.072"/>
</kw>
<kw name="Verifier l'ID du filtre">
<arg>${vID_du_filtre}</arg>
<kw name="Wait Until Element Is Visible" library="SeleniumLibrary">
<arg>${id_du_Filtre_P1}${vID_du_filtre}${id_du_Filtre_P2}</arg>
<arg>timeout=10</arg>
<doc>Waits until the element ``locator`` is visible.</doc>
<status status="PASS" starttime="20231008 11:17:50.072" endtime="20231008 11:17:50.091"/>
</kw>
<kw name="Element Should Be Visible" library="SeleniumLibrary">
<arg>${id_du_Filtre_P1}${vID_du_filtre}${id_du_Filtre_P2}</arg>
<doc>Verifies that the element identified by ``locator`` is visible.</doc>
<msg timestamp="20231008 11:17:50.125" level="INFO">Element 'xpath://span/child::span[text()='IDTest111']' is displayed.</msg>
<status status="PASS" starttime="20231008 11:17:50.091" endtime="20231008 11:17:50.125"/>
</kw>
<status status="PASS" starttime="20231008 11:17:50.072" endtime="20231008 11:17:50.125"/>
</kw>
<kw name="Mouse Down On Image" library="SeleniumLibrary">
<arg>${bouton_ModifierNomFiltre1}${vNom_du_filtre}${bouton_ModifierNomFiltre2}</arg>
<doc>Simulates a mouse down event on an image identified by ``locator``.</doc>
<status status="PASS" starttime="20231008 11:17:50.125" endtime="20231008 11:17:50.446"/>
</kw>
<kw name="Wait Until Element Is Visible" library="SeleniumLibrary">
<arg>${bouton_ModifierNomFiltre1}${vNom_du_filtre}${bouton_ModifierNomFiltre2}</arg>
<doc>Waits until the element ``locator`` is visible.</doc>
<status status="PASS" starttime="20231008 11:17:50.446" endtime="20231008 11:17:50.463"/>
</kw>
<kw name="Click Image" library="SeleniumLibrary">
<arg>${bouton_ModifierNomFiltre1}${vNom_du_filtre}${bouton_ModifierNomFiltre2}</arg>
<doc>Clicks an image identified by ``locator``.</doc>
<msg timestamp="20231008 11:17:50.464" level="INFO">Clicking image 'xpath://img[@title="Cliquez pour modifier ''Giang_Test_ID111''"]'.</msg>
<status status="PASS" starttime="20231008 11:17:50.463" endtime="20231008 11:17:50.535"/>
</kw>
<kw name="Input Text" library="SeleniumLibrary">
<arg>${input_ModifierNomFiltre}</arg>
<arg>${vNom_du_filtre_modifier}</arg>
<doc>Types the given ``text`` into the text field identified by ``locator``.</doc>
<msg timestamp="20231008 11:17:50.535" level="INFO">Typing text 'Giang_Test_Editer_111' into text field 'xpath://input[@name='displayName']'.</msg>
<status status="PASS" starttime="20231008 11:17:50.535" endtime="20231008 11:17:50.658"/>
</kw>
<kw name="Sleep" library="BuiltIn">
<arg>5</arg>
<doc>Pauses the test executed for the given time.</doc>
<msg timestamp="20231008 11:17:55.658" level="INFO">Slept 5 seconds</msg>
<status status="PASS" starttime="20231008 11:17:50.658" endtime="20231008 11:17:55.658"/>
</kw>
<kw name="Mouse Down" library="SeleniumLibrary">
<arg>${btn_Modifier_Nom_Filtre}</arg>
<doc>Simulates pressing the left mouse button on the element ``locator``.</doc>
<msg timestamp="20231008 11:17:55.658" level="INFO">Simulating Mouse Down on element 'xpath://span[text()='Enregistrer']'.</msg>
<status status="PASS" starttime="20231008 11:17:55.658" endtime="20231008 11:17:55.962"/>
</kw>
<kw name="Click Element" library="SeleniumLibrary">
<arg>${btn_Modifier_Nom_Filtre}</arg>
<doc>Click the element identified by ``locator``.</doc>
<msg timestamp="20231008 11:17:55.965" level="INFO">Clicking element 'xpath://span[text()='Enregistrer']'.</msg>
<status status="PASS" starttime="20231008 11:17:55.965" endtime="20231008 11:17:56.026"/>
</kw>
<kw name="Sleep" library="BuiltIn">
<arg>5</arg>
<doc>Pauses the test executed for the given time.</doc>
<msg timestamp="20231008 11:18:01.029" level="INFO">Slept 5 seconds</msg>
<status status="PASS" starttime="20231008 11:17:56.026" endtime="20231008 11:18:01.029"/>
</kw>
<kw name="Verifier le nom du filtre">
<arg>${vNom_du_filtre_modifier}</arg>
<kw name="Wait Until Element Is Visible" library="SeleniumLibrary">
<arg>${nom_Du_Filtre_P1}${vNom_du_filtre}${nom_Du_Filtre_P2}</arg>
<arg>timeout=10</arg>
<doc>Waits until the element ``locator`` is visible.</doc>
<status status="PASS" starttime="20231008 11:18:01.030" endtime="20231008 11:18:01.062"/>
</kw>
<kw name="Element Should Be Visible" library="SeleniumLibrary">
<arg>${nom_Du_Filtre_P1}${vNom_du_filtre}${nom_Du_Filtre_P2}</arg>
<doc>Verifies that the element identified by ``locator`` is visible.</doc>
<msg timestamp="20231008 11:18:01.078" level="INFO">Element '//span[@class='label']/following-sibling::span[text()='Giang_Test_Editer_111']' is displayed.</msg>
<status status="PASS" starttime="20231008 11:18:01.063" endtime="20231008 11:18:01.078"/>
</kw>
<status status="PASS" starttime="20231008 11:18:01.029" endtime="20231008 11:18:01.078"/>
</kw>
<kw name="Supprimer un filtre">
<arg>${vID_du_filtre}</arg>
<kw name="Switch Window" library="SeleniumLibrary">
<arg>url= http://localhost:8088/share/page/dp/ws/faceted-search-config</arg>
<doc>Switches to browser window matching ``locator``.</doc>
<status status="PASS" starttime="20231008 11:18:01.078" endtime="20231008 11:18:01.160"/>
</kw>
<kw name="Wait Until Element Is Visible" library="SeleniumLibrary">
<arg>${bouton_supprimerFiltre1}${vID_du_filtre}${bouton_supprimerFiltre2}</arg>
<doc>Waits until the element ``locator`` is visible.</doc>
<status status="PASS" starttime="20231008 11:18:01.160" endtime="20231008 11:18:01.181"/>
</kw>
<kw name="Scroll Element Into View" library="SeleniumLibrary">
<arg>${bouton_supprimerFiltre1}${vID_du_filtre}${bouton_supprimerFiltre2}</arg>
<doc>Scrolls the element identified by ``locator`` into view.</doc>
<status status="PASS" starttime="20231008 11:18:01.181" endtime="20231008 11:18:01.462"/>
</kw>
<kw name="Click Element" library="SeleniumLibrary">
<arg>${bouton_supprimerFiltre1}${vID_du_filtre}${bouton_supprimerFiltre2}</arg>
<doc>Click the element identified by ``locator``.</doc>
<msg timestamp="20231008 11:18:01.462" level="INFO">Clicking element 'xpath://img[@title="Cliquez pour supprimer ''IDTest111''"]'.</msg>
<status status="PASS" starttime="20231008 11:18:01.462" endtime="20231008 11:18:01.517"/>
</kw>
<kw name="Wait Until Element Is Visible" library="SeleniumLibrary">
<arg>${bouton_confirmerSupressionFiltre}</arg>
<doc>Waits until the element ``locator`` is visible.</doc>
<status status="PASS" starttime="20231008 11:18:01.517" endtime="20231008 11:18:01.532"/>
</kw>
<kw name="Click Element" library="SeleniumLibrary">
<arg>${bouton_confirmerSupressionFiltre}</arg>
<doc>Click the element identified by ``locator``.</doc>
<msg timestamp="20231008 11:18:01.538" level="INFO">Clicking element 'id:ALF_CRUD_SERVICE_DELETE_CONFIRMATION_DIALOG_CONFIRM_label'.</msg>
<status status="PASS" starttime="20231008 11:18:01.532" endtime="20231008 11:18:01.576"/>
</kw>
<status status="PASS" starttime="20231008 11:18:01.078" endtime="20231008 11:18:01.576"/>
</kw>
<kw name="Sleep" library="BuiltIn">
<arg>5</arg>
<doc>Pauses the test executed for the given time.</doc>
<msg timestamp="20231008 11:18:06.577" level="INFO">Slept 5 seconds</msg>
<status status="PASS" starttime="20231008 11:18:01.576" endtime="20231008 11:18:06.577"/>
</kw>
<status status="PASS" starttime="20231008 11:17:43.133" endtime="20231008 11:18:06.577"/>
</kw>
<status status="PASS" starttime="20231008 11:17:43.129" endtime="20231008 11:18:06.577"/>
</test>
<test id="s1-t2" name="Cas2" line="23">
<kw name="Editer le nom un filtre nominal">
<arg>IDTest222</arg>
<arg>Giang_Test_ID222</arg>
<arg>Giang_Test_Editer_222</arg>
<kw name="Switch Window" library="SeleniumLibrary">
<arg>url= http://localhost:8088/share/page/dp/ws/faceted-search-config</arg>
<doc>Switches to browser window matching ``locator``.</doc>
<status status="PASS" starttime="20231008 11:18:06.588" endtime="20231008 11:18:06.716"/>
</kw>
<kw name="Creer Un nouveau filtre avec propriete Site">
<arg>${vID_du_filtre}</arg>
<arg>${vNom_du_filtre}</arg>
<kw name="Switch Window" library="SeleniumLibrary">
<arg>url= http://localhost:8088/share/page/dp/ws/faceted-search-config</arg>
<doc>Switches to browser window matching ``locator``.</doc>
<status status="PASS" starttime="20231008 11:18:06.717" endtime="20231008 11:18:06.782"/>
</kw>
<kw name="Sleep" library="BuiltIn">
<arg>3</arg>
<doc>Pauses the test executed for the given time.</doc>
<msg timestamp="20231008 11:18:09.782" level="INFO">Slept 3 seconds</msg>
<status status="PASS" starttime="20231008 11:18:06.782" endtime="20231008 11:18:09.782"/>
</kw>
<kw name="Wait Until Element Is Visible" library="SeleniumLibrary">
<arg>${btn_CreerNouveauFiltre}</arg>
<doc>Waits until the element ``locator`` is visible.</doc>
<status status="PASS" starttime="20231008 11:18:09.783" endtime="20231008 11:18:09.811"/>
</kw>
<kw name="Click Element" library="SeleniumLibrary">
<arg>${btn_CreerNouveauFiltre}</arg>
<doc>Click the element identified by ``locator``.</doc>
<msg timestamp="20231008 11:18:09.812" level="INFO">Clicking element 'xpath://span[text()='Créer un nouveau filtre']'.</msg>
<status status="PASS" starttime="20231008 11:18:09.812" endtime="20231008 11:18:09.932"/>
</kw>
<kw name="Wait Until Element Is Visible" library="SeleniumLibrary">
<arg>${ ID_du_filtre}</arg>
<doc>Waits until the element ``locator`` is visible.</doc>
<status status="PASS" starttime="20231008 11:18:09.932" endtime="20231008 11:18:09.956"/>
</kw>
<kw name="Input Text" library="SeleniumLibrary">
<arg>${ID_du_filtre}</arg>
<arg>${vID_du_filtre}</arg>
<doc>Types the given ``text`` into the text field identified by ``locator``.</doc>
<msg timestamp="20231008 11:18:09.958" level="INFO">Typing text 'IDTest222' into text field 'xpath://input[@name='filterID']'.</msg>
<status status="PASS" starttime="20231008 11:18:09.957" endtime="20231008 11:18:10.080"/>
</kw>
<kw name="Wait Until Element Is Visible" library="SeleniumLibrary">
<arg>${Nom_du_filtre}</arg>
<doc>Waits until the element ``locator`` is visible.</doc>
<status status="PASS" starttime="20231008 11:18:10.080" endtime="20231008 11:18:10.094"/>
</kw>
<kw name="Input Text" library="SeleniumLibrary">
<arg>${Nom_du_filtre}</arg>
<arg>${vNom_du_filtre}</arg>
<doc>Types the given ``text`` into the text field identified by ``locator``.</doc>
<msg timestamp="20231008 11:18:10.094" level="INFO">Typing text 'Giang_Test_ID222' into text field 'xpath://input[@name='displayName']'.</msg>
<status status="PASS" starttime="20231008 11:18:10.094" endtime="20231008 11:18:10.158"/>
</kw>
<kw name="Get WebElement" library="SeleniumLibrary">
<var>${btnEnregistrer}</var>
<arg>${Le_bouton_enregistrer}</arg>
<doc>Returns the first WebElement matching the given ``locator``.</doc>
<msg timestamp="20231008 11:18:10.158" level="INFO">${btnEnregistrer} = &lt;selenium.webdriver.remote.webelement.WebElement (session="1a52be326a1fa9db7876fba1dc8a812c", element="F19E0EC34350036A96F664CF264032F2_element_172")&gt;</msg>
<status status="PASS" starttime="20231008 11:18:10.158" endtime="20231008 11:18:10.158"/>
</kw>
<kw name="Mouse Down" library="SeleniumLibrary">
<arg>${btnEnregistrer}</arg>
<doc>Simulates pressing the left mouse button on the element ``locator``.</doc>
<msg timestamp="20231008 11:18:10.158" level="INFO">Simulating Mouse Down on element '&lt;selenium.webdriver.remote.webelement.WebElement (session="1a52be326a1fa9db7876fba1dc8a812c", element="F19E0EC34350036A96F664CF264032F2_element_172")&gt;'.</msg>
<status status="PASS" starttime="20231008 11:18:10.158" endtime="20231008 11:18:10.441"/>
</kw>
<kw name="Click Element" library="SeleniumLibrary">
<arg>${btnEnregistrer}</arg>
<doc>Click the element identified by ``locator``.</doc>
<msg timestamp="20231008 11:18:10.441" level="INFO">Clicking element '&lt;selenium.webdriver.remote.webelement.WebElement (session="1a52be326a1fa9db7876fba1dc8a812c", element="F19E0EC34350036A96F664CF264032F2_element_172")&gt;'.</msg>
<status status="PASS" starttime="20231008 11:18:10.441" endtime="20231008 11:18:10.493"/>
</kw>
<kw name="Sleep" library="BuiltIn">
<arg>3</arg>
<doc>Pauses the test executed for the given time.</doc>
<msg timestamp="20231008 11:18:13.494" level="INFO">Slept 3 seconds</msg>
<status status="PASS" starttime="20231008 11:18:10.493" endtime="20231008 11:18:13.494"/>
</kw>
<status status="PASS" starttime="20231008 11:18:06.716" endtime="20231008 11:18:13.494"/>
</kw>
<kw name="Verifier l'ID du filtre">
<arg>${vID_du_filtre}</arg>
<kw name="Wait Until Element Is Visible" library="SeleniumLibrary">
<arg>${id_du_Filtre_P1}${vID_du_filtre}${id_du_Filtre_P2}</arg>
<arg>timeout=10</arg>
<doc>Waits until the element ``locator`` is visible.</doc>
<status status="PASS" starttime="20231008 11:18:13.494" endtime="20231008 11:18:13.526"/>
</kw>
<kw name="Element Should Be Visible" library="SeleniumLibrary">
<arg>${id_du_Filtre_P1}${vID_du_filtre}${id_du_Filtre_P2}</arg>
<doc>Verifies that the element identified by ``locator`` is visible.</doc>
<msg timestamp="20231008 11:18:13.536" level="INFO">Element 'xpath://span/child::span[text()='IDTest222']' is displayed.</msg>
<status status="PASS" starttime="20231008 11:18:13.526" endtime="20231008 11:18:13.536"/>
</kw>
<status status="PASS" starttime="20231008 11:18:13.494" endtime="20231008 11:18:13.536"/>
</kw>
<kw name="Mouse Down On Image" library="SeleniumLibrary">
<arg>${bouton_ModifierNomFiltre1}${vNom_du_filtre}${bouton_ModifierNomFiltre2}</arg>
<doc>Simulates a mouse down event on an image identified by ``locator``.</doc>
<status status="PASS" starttime="20231008 11:18:13.536" endtime="20231008 11:18:13.827"/>
</kw>
<kw name="Wait Until Element Is Visible" library="SeleniumLibrary">
<arg>${bouton_ModifierNomFiltre1}${vNom_du_filtre}${bouton_ModifierNomFiltre2}</arg>
<doc>Waits until the element ``locator`` is visible.</doc>
<status status="PASS" starttime="20231008 11:18:13.827" endtime="20231008 11:18:13.846"/>
</kw>
<kw name="Click Image" library="SeleniumLibrary">
<arg>${bouton_ModifierNomFiltre1}${vNom_du_filtre}${bouton_ModifierNomFiltre2}</arg>
<doc>Clicks an image identified by ``locator``.</doc>
<msg timestamp="20231008 11:18:13.847" level="INFO">Clicking image 'xpath://img[@title="Cliquez pour modifier ''Giang_Test_ID222''"]'.</msg>
<status status="PASS" starttime="20231008 11:18:13.847" endtime="20231008 11:18:13.898"/>
</kw>
<kw name="Input Text" library="SeleniumLibrary">
<arg>${input_ModifierNomFiltre}</arg>
<arg>${vNom_du_filtre_modifier}</arg>
<doc>Types the given ``text`` into the text field identified by ``locator``.</doc>
<msg timestamp="20231008 11:18:13.899" level="INFO">Typing text 'Giang_Test_Editer_222' into text field 'xpath://input[@name='displayName']'.</msg>
<status status="PASS" starttime="20231008 11:18:13.898" endtime="20231008 11:18:14.038"/>
</kw>
<kw name="Sleep" library="BuiltIn">
<arg>5</arg>
<doc>Pauses the test executed for the given time.</doc>
<msg timestamp="20231008 11:18:19.039" level="INFO">Slept 5 seconds</msg>
<status status="PASS" starttime="20231008 11:18:14.039" endtime="20231008 11:18:19.039"/>
</kw>
<kw name="Mouse Down" library="SeleniumLibrary">
<arg>${btn_Modifier_Nom_Filtre}</arg>
<doc>Simulates pressing the left mouse button on the element ``locator``.</doc>
<msg timestamp="20231008 11:18:19.039" level="INFO">Simulating Mouse Down on element 'xpath://span[text()='Enregistrer']'.</msg>
<status status="PASS" starttime="20231008 11:18:19.039" endtime="20231008 11:18:19.342"/>
</kw>
<kw name="Click Element" library="SeleniumLibrary">
<arg>${btn_Modifier_Nom_Filtre}</arg>
<doc>Click the element identified by ``locator``.</doc>
<msg timestamp="20231008 11:18:19.347" level="INFO">Clicking element 'xpath://span[text()='Enregistrer']'.</msg>
<status status="PASS" starttime="20231008 11:18:19.342" endtime="20231008 11:18:19.388"/>
</kw>
<kw name="Sleep" library="BuiltIn">
<arg>5</arg>
<doc>Pauses the test executed for the given time.</doc>
<msg timestamp="20231008 11:18:24.388" level="INFO">Slept 5 seconds</msg>
<status status="PASS" starttime="20231008 11:18:19.388" endtime="20231008 11:18:24.388"/>
</kw>
<kw name="Verifier le nom du filtre">
<arg>${vNom_du_filtre_modifier}</arg>
<kw name="Wait Until Element Is Visible" library="SeleniumLibrary">
<arg>${nom_Du_Filtre_P1}${vNom_du_filtre}${nom_Du_Filtre_P2}</arg>
<arg>timeout=10</arg>
<doc>Waits until the element ``locator`` is visible.</doc>
<status status="PASS" starttime="20231008 11:18:24.388" endtime="20231008 11:18:24.411"/>
</kw>
<kw name="Element Should Be Visible" library="SeleniumLibrary">
<arg>${nom_Du_Filtre_P1}${vNom_du_filtre}${nom_Du_Filtre_P2}</arg>
<doc>Verifies that the element identified by ``locator`` is visible.</doc>
<msg timestamp="20231008 11:18:24.446" level="INFO">Element '//span[@class='label']/following-sibling::span[text()='Giang_Test_Editer_222']' is displayed.</msg>
<status status="PASS" starttime="20231008 11:18:24.411" endtime="20231008 11:18:24.446"/>
</kw>
<status status="PASS" starttime="20231008 11:18:24.388" endtime="20231008 11:18:24.446"/>
</kw>
<kw name="Supprimer un filtre">
<arg>${vID_du_filtre}</arg>
<kw name="Switch Window" library="SeleniumLibrary">
<arg>url= http://localhost:8088/share/page/dp/ws/faceted-search-config</arg>
<doc>Switches to browser window matching ``locator``.</doc>
<status status="PASS" starttime="20231008 11:18:24.446" endtime="20231008 11:18:24.521"/>
</kw>
<kw name="Wait Until Element Is Visible" library="SeleniumLibrary">
<arg>${bouton_supprimerFiltre1}${vID_du_filtre}${bouton_supprimerFiltre2}</arg>
<doc>Waits until the element ``locator`` is visible.</doc>
<status status="PASS" starttime="20231008 11:18:24.521" endtime="20231008 11:18:24.545"/>
</kw>
<kw name="Scroll Element Into View" library="SeleniumLibrary">
<arg>${bouton_supprimerFiltre1}${vID_du_filtre}${bouton_supprimerFiltre2}</arg>
<doc>Scrolls the element identified by ``locator`` into view.</doc>
<status status="PASS" starttime="20231008 11:18:24.545" endtime="20231008 11:18:24.828"/>
</kw>
<kw name="Click Element" library="SeleniumLibrary">
<arg>${bouton_supprimerFiltre1}${vID_du_filtre}${bouton_supprimerFiltre2}</arg>
<doc>Click the element identified by ``locator``.</doc>
<msg timestamp="20231008 11:18:24.828" level="INFO">Clicking element 'xpath://img[@title="Cliquez pour supprimer ''IDTest222''"]'.</msg>
<status status="PASS" starttime="20231008 11:18:24.828" endtime="20231008 11:18:24.889"/>
</kw>
<kw name="Wait Until Element Is Visible" library="SeleniumLibrary">
<arg>${bouton_confirmerSupressionFiltre}</arg>
<doc>Waits until the element ``locator`` is visible.</doc>
<status status="PASS" starttime="20231008 11:18:24.889" endtime="20231008 11:18:24.920"/>
</kw>
<kw name="Click Element" library="SeleniumLibrary">
<arg>${bouton_confirmerSupressionFiltre}</arg>
<doc>Click the element identified by ``locator``.</doc>
<msg timestamp="20231008 11:18:24.921" level="INFO">Clicking element 'id:ALF_CRUD_SERVICE_DELETE_CONFIRMATION_DIALOG_CONFIRM_label'.</msg>
<status status="PASS" starttime="20231008 11:18:24.920" endtime="20231008 11:18:24.955"/>
</kw>
<status status="PASS" starttime="20231008 11:18:24.446" endtime="20231008 11:18:24.955"/>
</kw>
<kw name="Sleep" library="BuiltIn">
<arg>5</arg>
<doc>Pauses the test executed for the given time.</doc>
<msg timestamp="20231008 11:18:29.955" level="INFO">Slept 5 seconds</msg>
<status status="PASS" starttime="20231008 11:18:24.955" endtime="20231008 11:18:29.955"/>
</kw>
<status status="PASS" starttime="20231008 11:18:06.588" endtime="20231008 11:18:29.955"/>
</kw>
<status status="PASS" starttime="20231008 11:18:06.588" endtime="20231008 11:18:29.958"/>
</test>
<test id="s1-t3" name="Cas3" line="23">
<kw name="Editer le nom un filtre nominal">
<arg>IDTest333</arg>
<arg>Giang_Test_ID333</arg>
<arg>Giang_Test_Editer_333</arg>
<kw name="Switch Window" library="SeleniumLibrary">
<arg>url= http://localhost:8088/share/page/dp/ws/faceted-search-config</arg>
<doc>Switches to browser window matching ``locator``.</doc>
<status status="PASS" starttime="20231008 11:18:29.959" endtime="20231008 11:18:30.048"/>
</kw>
<kw name="Creer Un nouveau filtre avec propriete Site">
<arg>${vID_du_filtre}</arg>
<arg>${vNom_du_filtre}</arg>
<kw name="Switch Window" library="SeleniumLibrary">
<arg>url= http://localhost:8088/share/page/dp/ws/faceted-search-config</arg>
<doc>Switches to browser window matching ``locator``.</doc>
<status status="PASS" starttime="20231008 11:18:30.048" endtime="20231008 11:18:30.092"/>
</kw>
<kw name="Sleep" library="BuiltIn">
<arg>3</arg>
<doc>Pauses the test executed for the given time.</doc>
<msg timestamp="20231008 11:18:33.092" level="INFO">Slept 3 seconds</msg>
<status status="PASS" starttime="20231008 11:18:30.092" endtime="20231008 11:18:33.092"/>
</kw>
<kw name="Wait Until Element Is Visible" library="SeleniumLibrary">
<arg>${btn_CreerNouveauFiltre}</arg>
<doc>Waits until the element ``locator`` is visible.</doc>
<status status="PASS" starttime="20231008 11:18:33.092" endtime="20231008 11:18:33.101"/>
</kw>
<kw name="Click Element" library="SeleniumLibrary">
<arg>${btn_CreerNouveauFiltre}</arg>
<doc>Click the element identified by ``locator``.</doc>
<msg timestamp="20231008 11:18:33.101" level="INFO">Clicking element 'xpath://span[text()='Créer un nouveau filtre']'.</msg>
<status status="PASS" starttime="20231008 11:18:33.101" endtime="20231008 11:18:33.244"/>
</kw>
<kw name="Wait Until Element Is Visible" library="SeleniumLibrary">
<arg>${ ID_du_filtre}</arg>
<doc>Waits until the element ``locator`` is visible.</doc>
<status status="PASS" starttime="20231008 11:18:33.244" endtime="20231008 11:18:33.270"/>
</kw>
<kw name="Input Text" library="SeleniumLibrary">
<arg>${ID_du_filtre}</arg>
<arg>${vID_du_filtre}</arg>
<doc>Types the given ``text`` into the text field identified by ``locator``.</doc>
<msg timestamp="20231008 11:18:33.270" level="INFO">Typing text 'IDTest333' into text field 'xpath://input[@name='filterID']'.</msg>
<status status="PASS" starttime="20231008 11:18:33.270" endtime="20231008 11:18:33.375"/>
</kw>
<kw name="Wait Until Element Is Visible" library="SeleniumLibrary">
<arg>${Nom_du_filtre}</arg>
<doc>Waits until the element ``locator`` is visible.</doc>
<status status="PASS" starttime="20231008 11:18:33.376" endtime="20231008 11:18:33.400"/>
</kw>
<kw name="Input Text" library="SeleniumLibrary">
<arg>${Nom_du_filtre}</arg>
<arg>${vNom_du_filtre}</arg>
<doc>Types the given ``text`` into the text field identified by ``locator``.</doc>
<msg timestamp="20231008 11:18:33.401" level="INFO">Typing text 'Giang_Test_ID333' into text field 'xpath://input[@name='displayName']'.</msg>
<status status="PASS" starttime="20231008 11:18:33.400" endtime="20231008 11:18:33.487"/>
</kw>
<kw name="Get WebElement" library="SeleniumLibrary">
<var>${btnEnregistrer}</var>
<arg>${Le_bouton_enregistrer}</arg>
<doc>Returns the first WebElement matching the given ``locator``.</doc>
<msg timestamp="20231008 11:18:33.504" level="INFO">${btnEnregistrer} = &lt;selenium.webdriver.remote.webelement.WebElement (session="1a52be326a1fa9db7876fba1dc8a812c", element="F19E0EC34350036A96F664CF264032F2_element_289")&gt;</msg>
<status status="PASS" starttime="20231008 11:18:33.487" endtime="20231008 11:18:33.504"/>
</kw>
<kw name="Mouse Down" library="SeleniumLibrary">
<arg>${btnEnregistrer}</arg>
<doc>Simulates pressing the left mouse button on the element ``locator``.</doc>
<msg timestamp="20231008 11:18:33.504" level="INFO">Simulating Mouse Down on element '&lt;selenium.webdriver.remote.webelement.WebElement (session="1a52be326a1fa9db7876fba1dc8a812c", element="F19E0EC34350036A96F664CF264032F2_element_289")&gt;'.</msg>
<status status="PASS" starttime="20231008 11:18:33.504" endtime="20231008 11:18:33.810"/>
</kw>
<kw name="Click Element" library="SeleniumLibrary">
<arg>${btnEnregistrer}</arg>
<doc>Click the element identified by ``locator``.</doc>
<msg timestamp="20231008 11:18:33.810" level="INFO">Clicking element '&lt;selenium.webdriver.remote.webelement.WebElement (session="1a52be326a1fa9db7876fba1dc8a812c", element="F19E0EC34350036A96F664CF264032F2_element_289")&gt;'.</msg>
<status status="PASS" starttime="20231008 11:18:33.810" endtime="20231008 11:18:33.854"/>
</kw>
<kw name="Sleep" library="BuiltIn">
<arg>3</arg>
<doc>Pauses the test executed for the given time.</doc>
<msg timestamp="20231008 11:18:36.854" level="INFO">Slept 3 seconds</msg>
<status status="PASS" starttime="20231008 11:18:33.854" endtime="20231008 11:18:36.854"/>
</kw>
<status status="PASS" starttime="20231008 11:18:30.048" endtime="20231008 11:18:36.854"/>
</kw>
<kw name="Verifier l'ID du filtre">
<arg>${vID_du_filtre}</arg>
<kw name="Wait Until Element Is Visible" library="SeleniumLibrary">
<arg>${id_du_Filtre_P1}${vID_du_filtre}${id_du_Filtre_P2}</arg>
<arg>timeout=10</arg>
<doc>Waits until the element ``locator`` is visible.</doc>
<status status="PASS" starttime="20231008 11:18:36.854" endtime="20231008 11:18:36.877"/>
</kw>
<kw name="Element Should Be Visible" library="SeleniumLibrary">
<arg>${id_du_Filtre_P1}${vID_du_filtre}${id_du_Filtre_P2}</arg>
<doc>Verifies that the element identified by ``locator`` is visible.</doc>
<msg timestamp="20231008 11:18:36.886" level="INFO">Element 'xpath://span/child::span[text()='IDTest333']' is displayed.</msg>
<status status="PASS" starttime="20231008 11:18:36.877" endtime="20231008 11:18:36.886"/>
</kw>
<status status="PASS" starttime="20231008 11:18:36.854" endtime="20231008 11:18:36.886"/>
</kw>
<kw name="Mouse Down On Image" library="SeleniumLibrary">
<arg>${bouton_ModifierNomFiltre1}${vNom_du_filtre}${bouton_ModifierNomFiltre2}</arg>
<doc>Simulates a mouse down event on an image identified by ``locator``.</doc>
<status status="PASS" starttime="20231008 11:18:36.886" endtime="20231008 11:18:37.203"/>
</kw>
<kw name="Wait Until Element Is Visible" library="SeleniumLibrary">
<arg>${bouton_ModifierNomFiltre1}${vNom_du_filtre}${bouton_ModifierNomFiltre2}</arg>
<doc>Waits until the element ``locator`` is visible.</doc>
<status status="PASS" starttime="20231008 11:18:37.203" endtime="20231008 11:18:37.226"/>
</kw>
<kw name="Click Image" library="SeleniumLibrary">
<arg>${bouton_ModifierNomFiltre1}${vNom_du_filtre}${bouton_ModifierNomFiltre2}</arg>
<doc>Clicks an image identified by ``locator``.</doc>
<msg timestamp="20231008 11:18:37.227" level="INFO">Clicking image 'xpath://img[@title="Cliquez pour modifier ''Giang_Test_ID333''"]'.</msg>
<status status="PASS" starttime="20231008 11:18:37.226" endtime="20231008 11:18:37.282"/>
</kw>
<kw name="Input Text" library="SeleniumLibrary">
<arg>${input_ModifierNomFiltre}</arg>
<arg>${vNom_du_filtre_modifier}</arg>
<doc>Types the given ``text`` into the text field identified by ``locator``.</doc>
<msg timestamp="20231008 11:18:37.284" level="INFO">Typing text 'Giang_Test_Editer_333' into text field 'xpath://input[@name='displayName']'.</msg>
<status status="PASS" starttime="20231008 11:18:37.283" endtime="20231008 11:18:37.437"/>
</kw>
<kw name="Sleep" library="BuiltIn">
<arg>5</arg>
<doc>Pauses the test executed for the given time.</doc>
<msg timestamp="20231008 11:18:42.437" level="INFO">Slept 5 seconds</msg>
<status status="PASS" starttime="20231008 11:18:37.437" endtime="20231008 11:18:42.437"/>
</kw>
<kw name="Mouse Down" library="SeleniumLibrary">
<arg>${btn_Modifier_Nom_Filtre}</arg>
<doc>Simulates pressing the left mouse button on the element ``locator``.</doc>
<msg timestamp="20231008 11:18:42.438" level="INFO">Simulating Mouse Down on element 'xpath://span[text()='Enregistrer']'.</msg>
<status status="PASS" starttime="20231008 11:18:42.438" endtime="20231008 11:18:42.741"/>
</kw>
<kw name="Click Element" library="SeleniumLibrary">
<arg>${btn_Modifier_Nom_Filtre}</arg>
<doc>Click the element identified by ``locator``.</doc>
<msg timestamp="20231008 11:18:42.741" level="INFO">Clicking element 'xpath://span[text()='Enregistrer']'.</msg>
<status status="PASS" starttime="20231008 11:18:42.741" endtime="20231008 11:18:42.783"/>
</kw>
<kw name="Sleep" library="BuiltIn">
<arg>5</arg>
<doc>Pauses the test executed for the given time.</doc>
<msg timestamp="20231008 11:18:47.787" level="INFO">Slept 5 seconds</msg>
<status status="PASS" starttime="20231008 11:18:42.783" endtime="20231008 11:18:47.787"/>
</kw>
<kw name="Verifier le nom du filtre">
<arg>${vNom_du_filtre_modifier}</arg>
<kw name="Wait Until Element Is Visible" library="SeleniumLibrary">
<arg>${nom_Du_Filtre_P1}${vNom_du_filtre}${nom_Du_Filtre_P2}</arg>
<arg>timeout=10</arg>
<doc>Waits until the element ``locator`` is visible.</doc>
<status status="PASS" starttime="20231008 11:18:47.787" endtime="20231008 11:18:47.812"/>
</kw>
<kw name="Element Should Be Visible" library="SeleniumLibrary">
<arg>${nom_Du_Filtre_P1}${vNom_du_filtre}${nom_Du_Filtre_P2}</arg>
<doc>Verifies that the element identified by ``locator`` is visible.</doc>
<msg timestamp="20231008 11:18:47.828" level="INFO">Element '//span[@class='label']/following-sibling::span[text()='Giang_Test_Editer_333']' is displayed.</msg>
<status status="PASS" starttime="20231008 11:18:47.812" endtime="20231008 11:18:47.828"/>
</kw>
<status status="PASS" starttime="20231008 11:18:47.787" endtime="20231008 11:18:47.828"/>
</kw>
<kw name="Supprimer un filtre">
<arg>${vID_du_filtre}</arg>
<kw name="Switch Window" library="SeleniumLibrary">
<arg>url= http://localhost:8088/share/page/dp/ws/faceted-search-config</arg>
<doc>Switches to browser window matching ``locator``.</doc>
<status status="PASS" starttime="20231008 11:18:47.828" endtime="20231008 11:18:47.928"/>
</kw>
<kw name="Wait Until Element Is Visible" library="SeleniumLibrary">
<arg>${bouton_supprimerFiltre1}${vID_du_filtre}${bouton_supprimerFiltre2}</arg>
<doc>Waits until the element ``locator`` is visible.</doc>
<status status="PASS" starttime="20231008 11:18:47.928" endtime="20231008 11:18:47.945"/>
</kw>
<kw name="Scroll Element Into View" library="SeleniumLibrary">
<arg>${bouton_supprimerFiltre1}${vID_du_filtre}${bouton_supprimerFiltre2}</arg>
<doc>Scrolls the element identified by ``locator`` into view.</doc>
<status status="PASS" starttime="20231008 11:18:47.945" endtime="20231008 11:18:48.225"/>
</kw>
<kw name="Click Element" library="SeleniumLibrary">
<arg>${bouton_supprimerFiltre1}${vID_du_filtre}${bouton_supprimerFiltre2}</arg>
<doc>Click the element identified by ``locator``.</doc>
<msg timestamp="20231008 11:18:48.225" level="INFO">Clicking element 'xpath://img[@title="Cliquez pour supprimer ''IDTest333''"]'.</msg>
<status status="PASS" starttime="20231008 11:18:48.225" endtime="20231008 11:18:48.280"/>
</kw>
<kw name="Wait Until Element Is Visible" library="SeleniumLibrary">
<arg>${bouton_confirmerSupressionFiltre}</arg>
<doc>Waits until the element ``locator`` is visible.</doc>
<status status="PASS" starttime="20231008 11:18:48.281" endtime="20231008 11:18:48.301"/>
</kw>
<kw name="Click Element" library="SeleniumLibrary">
<arg>${bouton_confirmerSupressionFiltre}</arg>
<doc>Click the element identified by ``locator``.</doc>
<msg timestamp="20231008 11:18:48.301" level="INFO">Clicking element 'id:ALF_CRUD_SERVICE_DELETE_CONFIRMATION_DIALOG_CONFIRM_label'.</msg>
<status status="PASS" starttime="20231008 11:18:48.301" endtime="20231008 11:18:48.333"/>
</kw>
<status status="PASS" starttime="20231008 11:18:47.828" endtime="20231008 11:18:48.335"/>
</kw>
<kw name="Sleep" library="BuiltIn">
<arg>5</arg>
<doc>Pauses the test executed for the given time.</doc>
<msg timestamp="20231008 11:18:53.335" level="INFO">Slept 5 seconds</msg>
<status status="PASS" starttime="20231008 11:18:48.335" endtime="20231008 11:18:53.335"/>
</kw>
<status status="PASS" starttime="20231008 11:18:29.959" endtime="20231008 11:18:53.335"/>
</kw>
<status status="PASS" starttime="20231008 11:18:29.959" endtime="20231008 11:18:53.335"/>
</test>
<kw name="Logout" library="keywords" type="TEARDOWN">
<kw name="Wait Until Element Is Visible" library="SeleniumLibrary">
<arg>${link_HeaderUserMenu}</arg>
<doc>Waits until the element ``locator`` is visible.</doc>
<status status="PASS" starttime="20231008 11:18:53.342" endtime="20231008 11:18:53.376"/>
</kw>
<kw name="Click Element" library="SeleniumLibrary">
<arg>${link_HeaderUserMenu}</arg>
<doc>Click the element identified by ``locator``.</doc>
<msg timestamp="20231008 11:18:53.376" level="INFO">Clicking element 'id=HEADER_USER_MENU_POPUP'.</msg>
<status status="PASS" starttime="20231008 11:18:53.376" endtime="20231008 11:18:53.442"/>
</kw>
<kw name="Wait Until Element Is Visible" library="SeleniumLibrary">
<arg>${link_HeaderDeconnexion}</arg>
<doc>Waits until the element ``locator`` is visible.</doc>
<status status="PASS" starttime="20231008 11:18:53.442" endtime="20231008 11:18:53.466"/>
</kw>
<kw name="Click Element" library="SeleniumLibrary">
<arg>${link_HeaderDeconnexion}</arg>
<doc>Click the element identified by ``locator``.</doc>
<msg timestamp="20231008 11:18:53.466" level="INFO">Clicking element 'id=HEADER_USER_MENU_LOGOUT'.</msg>
<status status="PASS" starttime="20231008 11:18:53.466" endtime="20231008 11:18:53.508"/>
</kw>
<status status="PASS" starttime="20231008 11:18:53.342" endtime="20231008 11:18:53.508"/>
</kw>
<status status="PASS" starttime="20231008 11:17:21.815" endtime="20231008 11:18:53.508"/>
</suite>
<statistics>
<total>
<stat pass="3" fail="0" skip="0">All Tests</stat>
</total>
<tag>
</tag>
<suite>
<stat pass="3" fail="0" skip="0" id="s1" name="EditerNomDuFiltreNominal">EditerNomDuFiltreNominal</stat>
</suite>
</statistics>
<errors>
</errors>
</robot>
